https://7daystodiemods.com/craftable-motor-tool-parts-by-nosoren/
https://7daystodiemods.com/recurve-bow/
https://7daystodiemods.com/rpd-prefab/
https://7daystodiemods.com/admin-blocks-and-fixes/
https://7daystodiemods.com/chess/
https://7daystodiemods.com/bounty-hunter/
https://7daystodiemods.com/nerf-explosives/
https://7daystodiemods.com/reactor-gauntlet/
https://7daystodiemods.com/visual-armor-mods/
https://7daystodiemods.com/autominer-mod/
https://7daystodiemods.com/comsenmod/
https://7daystodiemods.com/harvestable-zombie-parts/
https://7daystodiemods.com/0xp-rolmod/
https://7daystodiemods.com/double-door-mod/
https://7daystodiemods.com/shopping-go-karts/
https://7daystodiemods.com/multi-tools/
https://7daystodiemods.com/first-aid-bandage/
https://7daystodiemods.com/falling-trees/
https://7daystodiemods.com/first-aid-bandage-splint/
https://7daystodiemods.com/trader-limits/
https://7daystodiemods.com/craftable-motor-tool-parts-by-nosoren/
https://7daystodiemods.com/recurve-bow/
https://7daystodiemods.com/rpd-prefab/
https://7daystodiemods.com/admin-blocks-and-fixes/
https://7daystodiemods.com/chess/
https://7daystodiemods.com/bounty-hunter/
https://7daystodiemods.com/nerf-explosives/
https://7daystodiemods.com/reactor-gauntlet/
https://7daystodiemods.com/visual-armor-mods/
https://7daystodiemods.com/autominer-mod/
https://7daystodiemods.com/comsenmod/
https://7daystodiemods.com/harvestable-zombie-parts/
https://7daystodiemods.com/0xp-rolmod/
https://7daystodiemods.com/double-door-mod/
https://7daystodiemods.com/shopping-go-karts/
https://7daystodiemods.com/multi-tools/
https://7daystodiemods.com/first-aid-bandage/
https://7daystodiemods.com/craftable-motor-tool-parts-by-nosoren/
https://7daystodiemods.com/recurve-bow/
https://7daystodiemods.com/rpd-prefab/
https://7daystodiemods.com/admin-blocks-and-fixes/
https://7daystodiemods.com/chess/
https://7daystodiemods.com/bounty-hunter/
https://7daystodiemods.com/nerf-explosives/
https://7daystodiemods.com/reactor-gauntlet/
https://7daystodiemods.com/visual-armor-mods/
https://7daystodiemods.com/autominer-mod/
https://7daystodiemods.com/comsenmod/
https://7daystodiemods.com/harvestable-zombie-parts/
https://7daystodiemods.com/0xp-rolmod/
https://7daystodiemods.com/double-door-mod/
https://7daystodiemods.com/shopping-go-karts/
https://7daystodiemods.com/craftable-motor-tool-parts-by-nosoren/
https://7daystodiemods.com/recurve-bow/
https://7daystodiemods.com/rpd-prefab/
https://7daystodiemods.com/admin-blocks-and-fixes/
https://7daystodiemods.com/chess/
https://7daystodiemods.com/bounty-hunter/
https://7daystodiemods.com/nerf-explosives/
https://7daystodiemods.com/reactor-gauntlet/
https://7daystodiemods.com/visual-armor-mods/
https://7daystodiemods.com/autominer-mod/
https://7daystodiemods.com/comsenmod/
https://7daystodiemods.com/harvestable-zombie-parts/
https://7daystodiemods.com/0xp-rolmod/
https://7daystodiemods.com/double-door-mod/
https://7daystodiemods.com/shopping-go-karts/
https://7daystodiemods.com/multi-tools/
https://7daystodiemods.com/first-aid-bandage/
https://7daystodiemods.com/falling-trees/
https://7daystodiemods.com/first-aid-bandage-splint/
https://7daystodiemods.com/trader-limits/
https://7daystodiemods.com/no-recipe-challenge/
https://7daystodiemods.com/a-dred-end-overhaul-mod/
https://7daystodiemods.com/lock-picking-doors/
https://7daystodiemods.com/walk-faster/
https://7daystodiemods.com/walk-slower/
https://7daystodiemods.com/craftable-motor-tool-parts-by-nosoren/
https://7daystodiemods.com/recurve-bow/
https://7daystodiemods.com/rpd-prefab/
https://7daystodiemods.com/admin-blocks-and-fixes/
https://7daystodiemods.com/chess/
https://7daystodiemods.com/bounty-hunter/
https://7daystodiemods.com/craftable-motor-tool-parts-by-nosoren/
https://7daystodiemods.com/recurve-bow/
https://7daystodiemods.com/rpd-prefab/
https://7daystodiemods.com/admin-blocks-and-fixes/
https://7daystodiemods.com/craftable-motor-tool-parts-by-nosoren/
https://7daystodiemods.com/recurve-bow/
https://7daystodiemods.com/rpd-prefab/
https://7daystodiemods.com/admin-blocks-and-fixes/
https://7daystodiemods.com/chess/
https://7daystodiemods.com/craftable-motor-tool-parts-by-nosoren/
https://7daystodiemods.com/recurve-bow/
https://7daystodiemods.com/rpd-prefab/
https://7daystodiemods.com/admin-blocks-and-fixes/
https://7daystodiemods.com/chess/
https://7daystodiemods.com/bounty-hunter/
https://7daystodiemods.com/nerf-explosives/
https://7daystodiemods.com/craftable-motor-tool-parts-by-nosoren/
https://7daystodiemods.com/recurve-bow/
https://7daystodiemods.com/rpd-prefab/
https://7daystodiemods.com/admin-blocks-and-fixes/
https://7daystodiemods.com/chess/
https://7daystodiemods.com/craftable-motor-tool-parts-by-nosoren/
https://7daystodiemods.com/recurve-bow/
https://7daystodiemods.com/rpd-prefab/
https://7daystodiemods.com/admin-blocks-and-fixes/
https://7daystodiemods.com/chess/
https://7daystodiemods.com/bounty-hunter/
https://7daystodiemods.com/craftable-motor-tool-parts-by-nosoren/
https://7daystodiemods.com/recurve-bow/
https://7daystodiemods.com/rpd-prefab/
https://7daystodiemods.com/admin-blocks-and-fixes/
https://7daystodiemods.com/chess/
https://7daystodiemods.com/bounty-hunter/
https://7daystodiemods.com/nerf-explosives/
https://7daystodiemods.com/reactor-gauntlet/
https://7daystodiemods.com/visual-armor-mods/
https://7daystodiemods.com/autominer-mod/
https://7daystodiemods.com/comsenmod/
https://7daystodiemods.com/harvestable-zombie-parts/
https://7daystodiemods.com/craftable-motor-tool-parts-by-nosoren/
https://7daystodiemods.com/recurve-bow/
https://7daystodiemods.com/rpd-prefab/
https://7daystodiemods.com/admin-blocks-and-fixes/
https://7daystodiemods.com/chess/
https://7daystodiemods.com/bounty-hunter/
https://7daystodiemods.com/nerf-explosives/
https://7daystodiemods.com/reactor-gauntlet/
https://7daystodiemods.com/visual-armor-mods/
https://7daystodiemods.com/autominer-mod/
https://7daystodiemods.com/comsenmod/
https://7daystodiemods.com/harvestable-zombie-parts/
https://7daystodiemods.com/0xp-rolmod/
https://7daystodiemods.com/double-door-mod/
https://7daystodiemods.com/shopping-go-karts/
https://7daystodiemods.com/multi-tools/
https://7daystodiemods.com/first-aid-bandage/
https://7daystodiemods.com/falling-trees/
https://7daystodiemods.com/first-aid-bandage-splint/
https://7daystodiemods.com/trader-limits/
https://7daystodiemods.com/no-recipe-challenge/
https://7daystodiemods.com/craftable-motor-tool-parts-by-nosoren/
https://7daystodiemods.com/a-dred-end-overhaul-mod/
https://7daystodiemods.com/recurve-bow/
https://7daystodiemods.com/lock-picking-doors/
https://7daystodiemods.com/rpd-prefab/
https://7daystodiemods.com/walk-faster/
https://7daystodiemods.com/admin-blocks-and-fixes/
https://7daystodiemods.com/walk-slower/
https://7daystodiemods.com/chess/
https://7daystodiemods.com/swim-faster/
https://7daystodiemods.com/bounty-hunter/
https://7daystodiemods.com/flower-bunch-mod/
https://7daystodiemods.com/nerf-explosives/
https://7daystodiemods.com/lockpick-model/
https://7daystodiemods.com/reactor-gauntlet/
https://7daystodiemods.com/reduced-stash-loot/
https://7daystodiemods.com/visual-armor-mods/
https://7daystodiemods.com/steel-knuckle-model-replacement/
https://7daystodiemods.com/autominer-mod/
https://7daystodiemods.com/eggs-in-fridges/
https://7daystodiemods.com/comsenmod/
https://7daystodiemods.com/action-skills-deceptive-adaptation/
https://7daystodiemods.com/gimme-back-my-iron/
https://7daystodiemods.com/reduced-probability-on-station-schematics/
https://7daystodiemods.com/weapons-and-tools-break/
https://7daystodiemods.com/reduced-harvest-from-blocks/
https://7daystodiemods.com/more-feathers-in-nests/
https://7daystodiemods.com/less-water-in-loot/
https://7daystodiemods.com/reduced-surface-ores/
https://7daystodiemods.com/working-sinks-and-water-coolers/
https://7daystodiemods.com/realistic-vehicle-damage/
https://7daystodiemods.com/tougher-farming/
https://7daystodiemods.com/trader-balances/
https://7daystodiemods.com/grass-walking-slowdown/
https://7daystodiemods.com/sticky-traps/
https://7daystodiemods.com/sticky-trap-release/
https://7daystodiemods.com/nuka-factory-prefab/
https://7daystodiemods.com/more-options-by-claymore/
https://7daystodiemods.com/stainless-steel-returns-for-a18/
https://7daystodiemods.com/craftable-dyes/
https://7daystodiemods.com/spill-full-jars/
https://7daystodiemods.com/sack-coal/
https://7daystodiemods.com/working-jail-doors-and-powered-jail-doors/
https://7daystodiemods.com/spawning-tweaked-brutal/
https://7daystodiemods.com/resourceful-top-terrain/
https://7daystodiemods.com/legcrawlers-are-back/
https://7daystodiemods.com/selling-machines/
https://7daystodiemods.com/no-demolitioner-zombies/
https://7daystodiemods.com/double-bolt-mod/
https://7daystodiemods.com/6k-stack-sizes/
https://7daystodiemods.com/spawning-tweaked/
https://7daystodiemods.com/better-perks-lucky-looter/
https://7daystodiemods.com/better-attributes-agility/
https://7daystodiemods.com/better-attributes-fortitude/
https://7daystodiemods.com/better-attributes-intellect/
https://7daystodiemods.com/snowberry-seeds/
https://7daystodiemods.com/hp-x5-equals-xp/
https://7daystodiemods.com/mod-slots-equals-item-level/
https://7daystodiemods.com/elemental-bullets/
https://7daystodiemods.com/craftable-scrap-polymers/
https://7daystodiemods.com/return-of-resources/
https://7daystodiemods.com/100-sticky-arrows-and-bolts/
https://7daystodiemods.com/bad-company-uma-zombies/
https://7daystodiemods.com/classic-style-zombies/
https://7daystodiemods.com/remove-the-bottom-right-screen-statistics-bar/
https://7daystodiemods.com/smx-menu-patch/
https://7daystodiemods.com/table-saw-mod/
https://7daystodiemods.com/expanded-trader-mod/
https://7daystodiemods.com/auto-trigger-mod/
https://7daystodiemods.com/npc-soldiers-mod/
https://7daystodiemods.com/robot-dog-companion-mod/
https://7daystodiemods.com/rotating-bridge-mod/
https://7daystodiemods.com/miscellaneous-blocks-mod-2/
https://7daystodiemods.com/green-radiated-regen-remover/
https://7daystodiemods.com/head-on-spear-blocks-mod/
https://7daystodiemods.com/fireworks-mod/
https://7daystodiemods.com/rage-zombies/
https://7daystodiemods.com/commercial-kitchen-block-mod/
https://7daystodiemods.com/tree-mod/
https://7daystodiemods.com/victorian-blocks-mod/
https://7daystodiemods.com/commercial-blocks-mod/
https://7daystodiemods.com/hospital-blocks-mod/
https://7daystodiemods.com/stairway-to-hell-mod/
https://7daystodiemods.com/miscellaneous-blocks-mod/
https://7daystodiemods.com/blood-moon-fix/
https://7daystodiemods.com/cop-acid-system/
https://7daystodiemods.com/new-torch-system/
https://7daystodiemods.com/placeable-lights/
https://7daystodiemods.com/green-eyed-radiated-zombies/
https://7daystodiemods.com/radiation-signs/
https://7daystodiemods.com/random-getter-upper/
https://7daystodiemods.com/server-side-slot-machines/
https://7daystodiemods.com/server-side-vehicles/
https://7daystodiemods.com/server-side-weapons/
https://7daystodiemods.com/billboards/
https://7daystodiemods.com/dcsobrals-craftable-dyes/
https://7daystodiemods.com/dangerous-zombies/
https://7daystodiemods.com/dans-electricity-blocks/
https://7daystodiemods.com/craftable-engines/
https://7daystodiemods.com/headshot-zombies/
https://7daystodiemods.com/no-glancing-blows/
https://7daystodiemods.com/liquid-water/
https://7daystodiemods.com/insane-zombies/
https://7daystodiemods.com/delmod-startup-packs/
https://7daystodiemods.com/delmod-kitchen/
https://7daystodiemods.com/delmod-jail-door/
https://7daystodiemods.com/decorations/
https://7daystodiemods.com/archetypes/
https://7daystodiemods.com/quality-effectiveness-bonuses/
https://7daystodiemods.com/quality-damage-bonuses/
https://7daystodiemods.com/infinite-ammo-and-durability/
https://7daystodiemods.com/effectively-unlimited-stamina/
https://7daystodiemods.com/double-mother-lode-plus/
https://7daystodiemods.com/salvaged-electronics/
https://7daystodiemods.com/schematic-tracker-mod/
https://7daystodiemods.com/cork-hat/
https://7daystodiemods.com/quadra-v-tech-car-mod/
https://7daystodiemods.com/super-corn-cooked-foods/
https://7daystodiemods.com/craftable-ear-of-super-corn/
https://7daystodiemods.com/blessed-metal-mod/
https://7daystodiemods.com/rocket-boots/
https://7daystodiemods.com/headshot-multiplier/
https://7daystodiemods.com/visible-bleeding/
https://7daystodiemods.com/hide-crosshair/
https://7daystodiemods.com/snow-biome-zombie-variety/
https://7daystodiemods.com/trader-post-ads/
https://7daystodiemods.com/better-nests/
https://7daystodiemods.com/sittable-furnitures/
https://7daystodiemods.com/mechanical-traps/
https://7daystodiemods.com/gore-overhaul-mod/
https://7daystodiemods.com/snow-vehicles/
https://7daystodiemods.com/military-tablet-phone-dynamic-minimap-see-through-camera/
https://7daystodiemods.com/hitmarkers-mod/
https://7daystodiemods.com/new-vehicles-by-telric/
https://7daystodiemods.com/all-trees-respawn-including-cactus/
https://7daystodiemods.com/larger-stack-sizes/
https://7daystodiemods.com/vanilla-firearms-extended/
https://7daystodiemods.com/replacement-rmr-for-vanilla-pistols/
https://7daystodiemods.com/picture-in-picture-vanilla-optics-replacer/
https://7daystodiemods.com/vanilla-ak-47-replacer/
https://7daystodiemods.com/revives-biofuel-and-human-turd/
https://7daystodiemods.com/starting-item-plus/
https://7daystodiemods.com/gk-no-rage-zombies/
https://7daystodiemods.com/gnamod-ui/
https://7daystodiemods.com/car-mechanic-mod/
https://7daystodiemods.com/butcher-mod-better-farm-life/
https://7daystodiemods.com/vitamin-crafting-for-a18/
https://7daystodiemods.com/lockpicking-mod/
https://7daystodiemods.com/ultimate-vehicle-mod/
https://7daystodiemods.com/hdhq-overhaul-mod/
https://7daystodiemods.com/craftworx-mods/
https://7daystodiemods.com/snowwhites-a18-mods/
https://7daystodiemods.com/logical-iron-mining/
https://7daystodiemods.com/dishong-tower-challenge/
https://7daystodiemods.com/vehicles-respawning-for-a18/
https://7daystodiemods.com/more-modifiers-slots/
https://7daystodiemods.com/magbow-for-a18/
https://7daystodiemods.com/hn-christmas-mod/
https://7daystodiemods.com/superpick-digger-tool-mod/
https://7daystodiemods.com/change-the-walk-type-of-zombies/
https://7daystodiemods.com/the-no-crafting-mod/
https://7daystodiemods.com/manuxs-custom-vehicles-mod/
https://7daystodiemods.com/screen-images-mod-by-ragnarok/
https://7daystodiemods.com/home-depot-mod/
https://7daystodiemods.com/harvestable-brass/
https://7daystodiemods.com/statues-and-fountains/
https://7daystodiemods.com/grass-destroyer-aoe/
https://7daystodiemods.com/easter-rabbits-eggs/
https://7daystodiemods.com/fennec-mods-for-a18/
https://7daystodiemods.com/inverse-doors-for-a18/
https://7daystodiemods.com/see-zombies-in-buildings/
https://7daystodiemods.com/expanded-quest-mod/
https://7daystodiemods.com/half-scrap-time-mod/
https://7daystodiemods.com/repeater-crossbow/
https://7daystodiemods.com/coffee-of-the-damned/
https://7daystodiemods.com/immersive-vendors/
https://7daystodiemods.com/medic-expansion/
https://7daystodiemods.com/farm-life-v3-continuation-of-stasis-farm-life-mod/
https://7daystodiemods.com/working-clock-mod/
https://7daystodiemods.com/farmplot-chance/
https://7daystodiemods.com/hay-bale-blocks-no-damage/
https://7daystodiemods.com/xmas-zombies/
https://7daystodiemods.com/random-mod-slots/
https://7daystodiemods.com/starter-kit/
https://7daystodiemods.com/more-rebar-frames/
https://7daystodiemods.com/yeah-solar/
https://7daystodiemods.com/decorative-variant-blocks/
https://7daystodiemods.com/hud-toolbelt-with-more-information/
https://7daystodiemods.com/all-types-of-boulders-respawn/
https://7daystodiemods.com/guppycurs-vehicle-madness/
https://7daystodiemods.com/junk-items/
https://7daystodiemods.com/no-heat-torches-candles/
https://7daystodiemods.com/replant-wild-plants/
https://7daystodiemods.com/mp-gamestage-fix/
https://7daystodiemods.com/50-slot-backpack/
https://7daystodiemods.com/cash-only-in-registers/
https://7daystodiemods.com/nosorens-increased-respawn-timers/
https://7daystodiemods.com/wireless-fuse-boxes/
https://7daystodiemods.com/lights-helper/
https://7daystodiemods.com/terrain-based-movement-speed/
https://7daystodiemods.com/craft-gas-cans-from-corn/
https://7daystodiemods.com/easier-mp-horde-nights/
https://7daystodiemods.com/hair-of-the-dog/
https://7daystodiemods.com/pick-up-traps-and-mines/
https://7daystodiemods.com/craftable-weapons-bags-hardened-chests/
https://7daystodiemods.com/del-strykers-double-door/
https://7daystodiemods.com/flamethrower/
https://7daystodiemods.com/delmod-electronics/
https://7daystodiemods.com/delmod-pack-and-store/
https://7daystodiemods.com/delmod-recipes-fix/
https://7daystodiemods.com/delmod-tools/
https://7daystodiemods.com/respirocytes/
https://7daystodiemods.com/better-drawers/
https://7daystodiemods.com/fun-spotlights/
https://7daystodiemods.com/creature-pack-zombie-doctor-contribution/
https://7daystodiemods.com/kings-killer-rabbit/
https://7daystodiemods.com/bigger-backpack-drop/
https://7daystodiemods.com/double-drawbridge-unlock/
https://7daystodiemods.com/junk-turret-flashlight/
https://7daystodiemods.com/craftable-steel-tool-parts/
https://7daystodiemods.com/hot-air-balloon/
https://7daystodiemods.com/jetpackadmin/
https://7daystodiemods.com/iron-bunker-buster/
https://7daystodiemods.com/sniper-turret-and-50-cal-ammo/
https://7daystodiemods.com/delmod-stack-sizes/
https://7daystodiemods.com/castle-spartan/
https://7daystodiemods.com/erics-goods/
https://7daystodiemods.com/more-blocks/
https://7daystodiemods.com/faster-vehicles/
https://7daystodiemods.com/pg13/
https://7daystodiemods.com/more-paint-textures/
https://7daystodiemods.com/no-more-guns/
https://7daystodiemods.com/duct-tape-flashlight-hat/
https://7daystodiemods.com/ore-sight-mod/
https://7daystodiemods.com/hang-glider-mod/
https://7daystodiemods.com/take-out-the-trash/
https://7daystodiemods.com/pick-up-hdhq-plants/
https://7daystodiemods.com/better-gyrocopter-handling/
https://7daystodiemods.com/vehicles-first-person-view/
https://7daystodiemods.com/10-slot-toolbelt/
https://7daystodiemods.com/increased-wandering-hordes/
https://7daystodiemods.com/simple-ui-mods/
https://7daystodiemods.com/origin-ui-mod/
https://7daystodiemods.com/server-side-health-bars/
https://7daystodiemods.com/steel-ammo/
https://7daystodiemods.com/3-slot-forge/
https://7daystodiemods.com/max-animals-zombies-and-claim-blocks/
https://7daystodiemods.com/12-slot-crafting-queue/
https://7daystodiemods.com/hp-bars/
https://7daystodiemods.com/food-and-water-bars/
https://7daystodiemods.com/always-open-traders/
https://7daystodiemods.com/block-rotation-reverse-selection/
https://7daystodiemods.com/brighter-vehicle-headlights/
https://7daystodiemods.com/friendlier-recipes/
https://7daystodiemods.com/tool-stamina-fix/
https://7daystodiemods.com/zqlxnavobjects-removes-on-screen-sprites/
https://7daystodiemods.com/hide-all-on-screen-sprites/
https://7daystodiemods.com/zqlanavobjectszombie-adds-zombies-to-world-map-compass/
https://7daystodiemods.com/better-goggles/
https://7daystodiemods.com/combiner/
https://7daystodiemods.com/remove-food-poisoning/
https://7daystodiemods.com/larger-fuel-tanks-faster-vehicles/
https://7daystodiemods.com/improved-vanilla-motorcycle/
https://7daystodiemods.com/motorcycle-alterations/
https://7daystodiemods.com/ultimate-rock/
https://7daystodiemods.com/2-points/
https://7daystodiemods.com/steel-bars/
https://7daystodiemods.com/animated-comic-books/
https://7daystodiemods.com/radios-mod/
https://7daystodiemods.com/video-players-mod/
https://7daystodiemods.com/zombie-pin-up-posters/
https://7daystodiemods.com/lightsabres/
https://7daystodiemods.com/fix-immersion-for-book-cases-and-book-shelfs/
https://7daystodiemods.com/trader-tier-reward-system/
https://7daystodiemods.com/demolisher-mod-by-war3zuk/
https://7daystodiemods.com/resetplayerdmt-a-hardcore-mode-for-7-days-to-die/
https://7daystodiemods.com/gk-return-to-old-farmland/
https://7daystodiemods.com/gk-2-mods/
https://7daystodiemods.com/fix-immersion-for-all-blocks-aio/
https://7daystodiemods.com/colored-container-and-door-states/
https://7daystodiemods.com/admin-mod/
https://7daystodiemods.com/friendly-animals-mod/
https://7daystodiemods.com/19-drink-change-revert/
https://7daystodiemods.com/animal-population-control/
https://7daystodiemods.com/increased-wandering-horde-size/
https://7daystodiemods.com/birds-nest-and-trash-bag-destroy-upon-loot/
https://7daystodiemods.com/craftable-motor-tool-parts-by-nosoren/
https://7daystodiemods.com/craftable-motor-tool-parts-by-nosoren/
https://7daystodiemods.com/craftable-motor-tool-parts-by-nosoren/
https://7daystodiemods.com/craftable-motor-tool-parts-by-nosoren/
https://7daystodiemods.com/recurve-bow/
https://7daystodiemods.com/rpd-prefab/
https://7daystodiemods.com/admin-blocks-and-fixes/
https://7daystodiemods.com/chess/
https://7daystodiemods.com/bounty-hunter/
https://7daystodiemods.com/nerf-explosives/
https://7daystodiemods.com/craftable-motor-tool-parts-by-nosoren/
https://7daystodiemods.com/recurve-bow/
https://7daystodiemods.com/rpd-prefab/
https://7daystodiemods.com/admin-blocks-and-fixes/
https://7daystodiemods.com/chess/
https://7daystodiemods.com/bounty-hunter/
https://7daystodiemods.com/nerf-explosives/
https://7daystodiemods.com/reactor-gauntlet/
https://7daystodiemods.com/visual-armor-mods/
https://7daystodiemods.com/autominer-mod/
https://7daystodiemods.com/comsenmod/
https://7daystodiemods.com/harvestable-zombie-parts/
https://7daystodiemods.com/0xp-rolmod/
https://7daystodiemods.com/double-door-mod/
https://7daystodiemods.com/shopping-go-karts/
https://7daystodiemods.com/multi-tools/
https://7daystodiemods.com/first-aid-bandage/
https://7daystodiemods.com/falling-trees/
https://7daystodiemods.com/first-aid-bandage-splint/
https://7daystodiemods.com/trader-limits/
https://7daystodiemods.com/no-recipe-challenge/
https://7daystodiemods.com/a-dred-end-overhaul-mod/
https://7daystodiemods.com/lock-picking-doors/
https://7daystodiemods.com/craftable-motor-tool-parts-by-nosoren/
https://7daystodiemods.com/recurve-bow/
https://7daystodiemods.com/rpd-prefab/
https://7daystodiemods.com/admin-blocks-and-fixes/
https://7daystodiemods.com/chess/
https://7daystodiemods.com/bounty-hunter/
https://7daystodiemods.com/nerf-explosives/
https://7daystodiemods.com/reactor-gauntlet/
https://7daystodiemods.com/visual-armor-mods/
https://7daystodiemods.com/autominer-mod/
https://7daystodiemods.com/comsenmod/
https://7daystodiemods.com/harvestable-zombie-parts/
https://7daystodiemods.com/0xp-rolmod/
https://7daystodiemods.com/double-door-mod/
https://7daystodiemods.com/shopping-go-karts/
https://7daystodiemods.com/multi-tools/
https://7daystodiemods.com/first-aid-bandage/
https://7daystodiemods.com/falling-trees/
https://7daystodiemods.com/first-aid-bandage-splint/
https://7daystodiemods.com/trader-limits/
https://7daystodiemods.com/no-recipe-challenge/
https://7daystodiemods.com/a-dred-end-overhaul-mod/
https://7daystodiemods.com/lock-picking-doors/
https://7daystodiemods.com/walk-faster/
https://7daystodiemods.com/walk-slower/
https://7daystodiemods.com/swim-faster/
https://7daystodiemods.com/flower-bunch-mod/
https://7daystodiemods.com/lockpick-model/
https://7daystodiemods.com/reduced-stash-loot/
https://7daystodiemods.com/steel-knuckle-model-replacement/
https://7daystodiemods.com/eggs-in-fridges/
https://7daystodiemods.com/action-skills-deceptive-adaptation/
https://7daystodiemods.com/gimme-back-my-iron/
https://7daystodiemods.com/reduced-probability-on-station-schematics/
https://7daystodiemods.com/weapons-and-tools-break/
https://7daystodiemods.com/reduced-harvest-from-blocks/
https://7daystodiemods.com/more-feathers-in-nests/
https://7daystodiemods.com/less-water-in-loot/
https://7daystodiemods.com/reduced-surface-ores/
https://7daystodiemods.com/working-sinks-and-water-coolers/
https://7daystodiemods.com/realistic-vehicle-damage/
https://7daystodiemods.com/tougher-farming/
https://7daystodiemods.com/trader-balances/
https://7daystodiemods.com/grass-walking-slowdown/
https://7daystodiemods.com/sticky-traps/
https://7daystodiemods.com/sticky-trap-release/
https://7daystodiemods.com/nuka-factory-prefab/
https://7daystodiemods.com/more-options-by-claymore/
https://7daystodiemods.com/stainless-steel-returns-for-a18/
https://7daystodiemods.com/craftable-dyes/
https://7daystodiemods.com/spill-full-jars/
https://7daystodiemods.com/sack-coal/
https://7daystodiemods.com/working-jail-doors-and-powered-jail-doors/
https://7daystodiemods.com/spawning-tweaked-brutal/
https://7daystodiemods.com/resourceful-top-terrain/
https://7daystodiemods.com/legcrawlers-are-back/
https://7daystodiemods.com/selling-machines/
https://7daystodiemods.com/no-demolitioner-zombies/
https://7daystodiemods.com/double-bolt-mod/
https://7daystodiemods.com/6k-stack-sizes/
https://7daystodiemods.com/spawning-tweaked/
https://7daystodiemods.com/better-perks-lucky-looter/
https://7daystodiemods.com/better-attributes-agility/
https://7daystodiemods.com/better-attributes-fortitude/
https://7daystodiemods.com/better-attributes-intellect/
https://7daystodiemods.com/snowberry-seeds/
https://7daystodiemods.com/hp-x5-equals-xp/
https://7daystodiemods.com/mod-slots-equals-item-level/
https://7daystodiemods.com/elemental-bullets/
https://7daystodiemods.com/craftable-scrap-polymers/
https://7daystodiemods.com/return-of-resources/
https://7daystodiemods.com/100-sticky-arrows-and-bolts/
https://7daystodiemods.com/bad-company-uma-zombies/
https://7daystodiemods.com/classic-style-zombies/
https://7daystodiemods.com/remove-the-bottom-right-screen-statistics-bar/
https://7daystodiemods.com/smx-menu-patch/
https://7daystodiemods.com/table-saw-mod/
https://7daystodiemods.com/expanded-trader-mod/
https://7daystodiemods.com/auto-trigger-mod/
https://7daystodiemods.com/npc-soldiers-mod/
https://7daystodiemods.com/robot-dog-companion-mod/
https://7daystodiemods.com/rotating-bridge-mod/
https://7daystodiemods.com/miscellaneous-blocks-mod-2/
https://7daystodiemods.com/green-radiated-regen-remover/
https://7daystodiemods.com/head-on-spear-blocks-mod/
https://7daystodiemods.com/fireworks-mod/
https://7daystodiemods.com/rage-zombies/
https://7daystodiemods.com/commercial-kitchen-block-mod/
https://7daystodiemods.com/tree-mod/
https://7daystodiemods.com/victorian-blocks-mod/
https://7daystodiemods.com/commercial-blocks-mod/
https://7daystodiemods.com/hospital-blocks-mod/
https://7daystodiemods.com/stairway-to-hell-mod/
https://7daystodiemods.com/miscellaneous-blocks-mod/
https://7daystodiemods.com/blood-moon-fix/
https://7daystodiemods.com/cop-acid-system/
https://7daystodiemods.com/new-torch-system/
https://7daystodiemods.com/placeable-lights/
https://7daystodiemods.com/green-eyed-radiated-zombies/
https://7daystodiemods.com/radiation-signs/
https://7daystodiemods.com/random-getter-upper/
https://7daystodiemods.com/server-side-slot-machines/
https://7daystodiemods.com/server-side-vehicles/
https://7daystodiemods.com/server-side-weapons/
https://7daystodiemods.com/billboards/
https://7daystodiemods.com/dcsobrals-craftable-dyes/
https://7daystodiemods.com/dangerous-zombies/
https://7daystodiemods.com/dans-electricity-blocks/
https://7daystodiemods.com/craftable-engines/
https://7daystodiemods.com/headshot-zombies/
https://7daystodiemods.com/no-glancing-blows/
https://7daystodiemods.com/liquid-water/
https://7daystodiemods.com/insane-zombies/
https://7daystodiemods.com/delmod-startup-packs/
https://7daystodiemods.com/delmod-kitchen/
https://7daystodiemods.com/delmod-jail-door/
https://7daystodiemods.com/decorations/
https://7daystodiemods.com/archetypes/
https://7daystodiemods.com/quality-effectiveness-bonuses/
https://7daystodiemods.com/quality-damage-bonuses/
https://7daystodiemods.com/infinite-ammo-and-durability/
https://7daystodiemods.com/effectively-unlimited-stamina/
https://7daystodiemods.com/double-mother-lode-plus/
https://7daystodiemods.com/salvaged-electronics/
https://7daystodiemods.com/schematic-tracker-mod/
https://7daystodiemods.com/cork-hat/
https://7daystodiemods.com/quadra-v-tech-car-mod/
https://7daystodiemods.com/super-corn-cooked-foods/
https://7daystodiemods.com/craftable-ear-of-super-corn/
https://7daystodiemods.com/blessed-metal-mod/
https://7daystodiemods.com/rocket-boots/
https://7daystodiemods.com/headshot-multiplier/
https://7daystodiemods.com/visible-bleeding/
https://7daystodiemods.com/hide-crosshair/
https://7daystodiemods.com/snow-biome-zombie-variety/
https://7daystodiemods.com/trader-post-ads/
https://7daystodiemods.com/better-nests/
https://7daystodiemods.com/sittable-furnitures/
https://7daystodiemods.com/mechanical-traps/
https://7daystodiemods.com/gore-overhaul-mod/
https://7daystodiemods.com/snow-vehicles/
https://7daystodiemods.com/military-tablet-phone-dynamic-minimap-see-through-camera/
https://7daystodiemods.com/hitmarkers-mod/
https://7daystodiemods.com/new-vehicles-by-telric/
https://7daystodiemods.com/all-trees-respawn-including-cactus/
https://7daystodiemods.com/larger-stack-sizes/
https://7daystodiemods.com/vanilla-firearms-extended/
https://7daystodiemods.com/replacement-rmr-for-vanilla-pistols/
https://7daystodiemods.com/picture-in-picture-vanilla-optics-replacer/
https://7daystodiemods.com/vanilla-ak-47-replacer/
https://7daystodiemods.com/revives-biofuel-and-human-turd/
https://7daystodiemods.com/starting-item-plus/
https://7daystodiemods.com/gk-no-rage-zombies/
https://7daystodiemods.com/gnamod-ui/
https://7daystodiemods.com/car-mechanic-mod/
https://7daystodiemods.com/butcher-mod-better-farm-life/
https://7daystodiemods.com/vitamin-crafting-for-a18/
https://7daystodiemods.com/lockpicking-mod/
https://7daystodiemods.com/ultimate-vehicle-mod/
https://7daystodiemods.com/hdhq-overhaul-mod/
https://7daystodiemods.com/craftworx-mods/
https://7daystodiemods.com/snowwhites-a18-mods/
https://7daystodiemods.com/logical-iron-mining/
https://7daystodiemods.com/dishong-tower-challenge/
https://7daystodiemods.com/vehicles-respawning-for-a18/
https://7daystodiemods.com/more-modifiers-slots/
https://7daystodiemods.com/magbow-for-a18/
https://7daystodiemods.com/hn-christmas-mod/
https://7daystodiemods.com/superpick-digger-tool-mod/
https://7daystodiemods.com/change-the-walk-type-of-zombies/
https://7daystodiemods.com/the-no-crafting-mod/
https://7daystodiemods.com/manuxs-custom-vehicles-mod/
https://7daystodiemods.com/screen-images-mod-by-ragnarok/
https://7daystodiemods.com/home-depot-mod/
https://7daystodiemods.com/harvestable-brass/
https://7daystodiemods.com/statues-and-fountains/
https://7daystodiemods.com/grass-destroyer-aoe/
https://7daystodiemods.com/easter-rabbits-eggs/
https://7daystodiemods.com/fennec-mods-for-a18/
https://7daystodiemods.com/inverse-doors-for-a18/
https://7daystodiemods.com/see-zombies-in-buildings/
https://7daystodiemods.com/expanded-quest-mod/
https://7daystodiemods.com/half-scrap-time-mod/
https://7daystodiemods.com/repeater-crossbow/
https://7daystodiemods.com/coffee-of-the-damned/
https://7daystodiemods.com/immersive-vendors/
https://7daystodiemods.com/medic-expansion/
https://7daystodiemods.com/farm-life-v3-continuation-of-stasis-farm-life-mod/
https://7daystodiemods.com/working-clock-mod/
https://7daystodiemods.com/farmplot-chance/
https://7daystodiemods.com/hay-bale-blocks-no-damage/
https://7daystodiemods.com/xmas-zombies/
https://7daystodiemods.com/random-mod-slots/
https://7daystodiemods.com/starter-kit/
https://7daystodiemods.com/more-rebar-frames/
https://7daystodiemods.com/yeah-solar/
https://7daystodiemods.com/decorative-variant-blocks/
https://7daystodiemods.com/hud-toolbelt-with-more-information/
https://7daystodiemods.com/all-types-of-boulders-respawn/
https://7daystodiemods.com/guppycurs-vehicle-madness/
https://7daystodiemods.com/junk-items/
https://7daystodiemods.com/no-heat-torches-candles/
https://7daystodiemods.com/replant-wild-plants/
https://7daystodiemods.com/mp-gamestage-fix/
https://7daystodiemods.com/50-slot-backpack/
https://7daystodiemods.com/cash-only-in-registers/
https://7daystodiemods.com/nosorens-increased-respawn-timers/
https://7daystodiemods.com/wireless-fuse-boxes/
https://7daystodiemods.com/lights-helper/
https://7daystodiemods.com/terrain-based-movement-speed/
https://7daystodiemods.com/craft-gas-cans-from-corn/
https://7daystodiemods.com/easier-mp-horde-nights/
https://7daystodiemods.com/hair-of-the-dog/
https://7daystodiemods.com/pick-up-traps-and-mines/
https://7daystodiemods.com/craftable-weapons-bags-hardened-chests/
https://7daystodiemods.com/del-strykers-double-door/
https://7daystodiemods.com/flamethrower/
https://7daystodiemods.com/delmod-electronics/
https://7daystodiemods.com/delmod-pack-and-store/
https://7daystodiemods.com/delmod-recipes-fix/
https://7daystodiemods.com/delmod-tools/
https://7daystodiemods.com/respirocytes/
https://7daystodiemods.com/better-drawers/
https://7daystodiemods.com/fun-spotlights/
https://7daystodiemods.com/creature-pack-zombie-doctor-contribution/
https://7daystodiemods.com/kings-killer-rabbit/
https://7daystodiemods.com/bigger-backpack-drop/
https://7daystodiemods.com/double-drawbridge-unlock/
https://7daystodiemods.com/junk-turret-flashlight/
https://7daystodiemods.com/craftable-steel-tool-parts/
https://7daystodiemods.com/hot-air-balloon/
https://7daystodiemods.com/jetpackadmin/
https://7daystodiemods.com/iron-bunker-buster/
https://7daystodiemods.com/sniper-turret-and-50-cal-ammo/
https://7daystodiemods.com/delmod-stack-sizes/
https://7daystodiemods.com/castle-spartan/
https://7daystodiemods.com/erics-goods/
https://7daystodiemods.com/more-blocks/
https://7daystodiemods.com/faster-vehicles/
https://7daystodiemods.com/pg13/
https://7daystodiemods.com/more-paint-textures/
https://7daystodiemods.com/no-more-guns/
https://7daystodiemods.com/duct-tape-flashlight-hat/
https://7daystodiemods.com/ore-sight-mod/
https://7daystodiemods.com/hang-glider-mod/
https://7daystodiemods.com/take-out-the-trash/
https://7daystodiemods.com/pick-up-hdhq-plants/
https://7daystodiemods.com/better-gyrocopter-handling/
https://7daystodiemods.com/vehicles-first-person-view/
https://7daystodiemods.com/10-slot-toolbelt/
https://7daystodiemods.com/increased-wandering-hordes/
https://7daystodiemods.com/simple-ui-mods/
https://7daystodiemods.com/origin-ui-mod/
https://7daystodiemods.com/server-side-health-bars/
https://7daystodiemods.com/steel-ammo/
https://7daystodiemods.com/3-slot-forge/
https://7daystodiemods.com/max-animals-zombies-and-claim-blocks/
https://7daystodiemods.com/12-slot-crafting-queue/
https://7daystodiemods.com/hp-bars/
https://7daystodiemods.com/food-and-water-bars/
https://7daystodiemods.com/always-open-traders/
https://7daystodiemods.com/block-rotation-reverse-selection/
https://7daystodiemods.com/brighter-vehicle-headlights/
https://7daystodiemods.com/friendlier-recipes/
https://7daystodiemods.com/tool-stamina-fix/
https://7daystodiemods.com/zqlxnavobjects-removes-on-screen-sprites/
https://7daystodiemods.com/hide-all-on-screen-sprites/
https://7daystodiemods.com/zqlanavobjectszombie-adds-zombies-to-world-map-compass/
https://7daystodiemods.com/better-goggles/
https://7daystodiemods.com/combiner/
https://7daystodiemods.com/remove-food-poisoning/
https://7daystodiemods.com/larger-fuel-tanks-faster-vehicles/
https://7daystodiemods.com/improved-vanilla-motorcycle/
https://7daystodiemods.com/motorcycle-alterations/
https://7daystodiemods.com/ultimate-rock/
https://7daystodiemods.com/2-points/
https://7daystodiemods.com/steel-bars/
https://7daystodiemods.com/animated-comic-books/
https://7daystodiemods.com/radios-mod/
https://7daystodiemods.com/video-players-mod/
https://7daystodiemods.com/zombie-pin-up-posters/
https://7daystodiemods.com/lightsabres/
https://7daystodiemods.com/fix-immersion-for-book-cases-and-book-shelfs/
https://7daystodiemods.com/trader-tier-reward-system/
https://7daystodiemods.com/demolisher-mod-by-war3zuk/
https://7daystodiemods.com/resetplayerdmt-a-hardcore-mode-for-7-days-to-die/
https://7daystodiemods.com/gk-return-to-old-farmland/
https://7daystodiemods.com/gk-2-mods/
https://7daystodiemods.com/fix-immersion-for-all-blocks-aio/
https://7daystodiemods.com/colored-container-and-door-states/
https://7daystodiemods.com/admin-mod/
https://7daystodiemods.com/friendly-animals-mod/
https://7daystodiemods.com/19-drink-change-revert/
https://7daystodiemods.com/animal-population-control/
https://7daystodiemods.com/increased-wandering-horde-size/
https://7daystodiemods.com/birds-nest-and-trash-bag-destroy-upon-loot/
https://7daystodiemods.com/birds-nest-destroy-on-loot/
https://7daystodiemods.com/car-respawner-mod-by-jaxteller718/
https://7daystodiemods.com/charcoal-mod/
https://7daystodiemods.com/less-clutter-in-biomes/
https://7daystodiemods.com/less-forest-clutter/
https://7daystodiemods.com/less-ore-nodes/
https://7daystodiemods.com/loot-rebalance/
https://7daystodiemods.com/slower-levelling/
https://7daystodiemods.com/trash-piles-destroy-on-loot/
https://7daystodiemods.com/working-stove-mod/
https://7daystodiemods.com/reduced-zombie-hand-reaches/
https://7daystodiemods.com/increased-zombie-sight-against-players/
https://7daystodiemods.com/increased-wilderness-zombies/
https://7daystodiemods.com/working-microwaves/
https://7daystodiemods.com/19-hubcab-tins-and-filters-revert/
https://7daystodiemods.com/skyscraper-fix/
https://7daystodiemods.com/find-bicycles-in-the-dumpsters/
https://7daystodiemods.com/riles-seatingplus/
https://7daystodiemods.com/extra-supply-crates/
https://7daystodiemods.com/zombie-stutter-stop/
https://7daystodiemods.com/glowing-arrows-bolts-spears/
https://7daystodiemods.com/bigger-bloodmoons/
https://7daystodiemods.com/flags-mod/
https://7daystodiemods.com/server-side-xml-mods-by-highope/
https://7daystodiemods.com/zombie-texture-replacement/
https://7daystodiemods.com/quality-mod-slot-boost/
https://7daystodiemods.com/mr-narok-mx-more-eggs-brass-and-treasure-maps/
https://7daystodiemods.com/starter-quest/
https://7daystodiemods.com/spartan-blocks/
https://7daystodiemods.com/wtk34-water-filter/
https://7daystodiemods.com/blunderbuss-ammo/
https://7daystodiemods.com/arrow-crossbow-bolt-conversion/
https://7daystodiemods.com/ammo-disassembly/
https://7daystodiemods.com/scrap-iron-and-steel-bars/
https://7daystodiemods.com/30k-item-stacks/
https://7daystodiemods.com/maxdamage/
https://7daystodiemods.com/speedharvester/
https://7daystodiemods.com/lockable-inventory-slots/
https://7daystodiemods.com/spike-mod/
https://7daystodiemods.com/faster-levelling/
https://7daystodiemods.com/z2-hud-replacement/
https://7daystodiemods.com/backpack-buttons/
https://7daystodiemods.com/weapon-mod-for-one-hit-headshot-kills/
https://7daystodiemods.com/deep-pockets/
https://7daystodiemods.com/wtk34mods-grenade-arrow/
https://7daystodiemods.com/incendiary-rounds/
https://7daystodiemods.com/charismatic-nature-mod/
https://7daystodiemods.com/frk-dev-drugs/
https://7daystodiemods.com/useful-tires/
https://7daystodiemods.com/gk-texture-vulture-radiated/
https://7daystodiemods.com/gk-boxes-back/
https://7daystodiemods.com/gk-storage/
https://7daystodiemods.com/farm-life-expanded/
https://7daystodiemods.com/beehive/
https://7daystodiemods.com/frk-armor-mods/
https://7daystodiemods.com/chicken-coop/
https://7daystodiemods.com/frk-craftable-candy/
https://7daystodiemods.com/boots-mod/
https://7daystodiemods.com/log-spikes/
https://7daystodiemods.com/poi-light-enabler/
https://7daystodiemods.com/snufkins-emotes/
https://7daystodiemods.com/allinone/
https://7daystodiemods.com/find-vehicle-parts-in-airdrops/
https://7daystodiemods.com/ravenhearst-style-backpack-stash-all-buttons/
https://7daystodiemods.com/bloodyaxe/
https://7daystodiemods.com/door-smasher-mod/
https://7daystodiemods.com/hat-madness/
https://7daystodiemods.com/disassemble-ammunition/
https://7daystodiemods.com/bearable-auger/
https://7daystodiemods.com/frk-schematics/
https://7daystodiemods.com/quest-music/
https://7daystodiemods.com/stack-more-items/
https://7daystodiemods.com/pick-up-wild-plants-by-pressing-e/
https://7daystodiemods.com/skull-lights/
https://7daystodiemods.com/less-grass/
https://7daystodiemods.com/auto-shotgun-gone-wild/
https://7daystodiemods.com/walk-run-and-swimming-fast/
https://7daystodiemods.com/advanced-junk-turret/
https://7daystodiemods.com/battery-acid/
https://7daystodiemods.com/disassemble-ammo/
https://7daystodiemods.com/ethans-bam-hammer/
https://7daystodiemods.com/fat-soaked-log-bundle/
https://7daystodiemods.com/golden-ticket/
https://7daystodiemods.com/hd-generator/
https://7daystodiemods.com/hd-mega-vault/
https://7daystodiemods.com/hd-pump-jack/
https://7daystodiemods.com/grand-spartan/
https://7daystodiemods.com/indestructible-blocks/
https://7daystodiemods.com/move-speeds/
https://7daystodiemods.com/movie-posters-pbh/
https://7daystodiemods.com/improved-progression-points/
https://7daystodiemods.com/starter-classes/
https://7daystodiemods.com/weed-wacker-5000/
https://7daystodiemods.com/zombie-modifications-by-war3zuk/
https://7daystodiemods.com/25k-stack-sizes/
https://7daystodiemods.com/custom-foods/
https://7daystodiemods.com/ladder-control-mods/
https://7daystodiemods.com/hd-truck-elevator/
https://7daystodiemods.com/zombie-tramp-pbh/
https://7daystodiemods.com/vehicle-revamp/
https://7daystodiemods.com/regrow-overhaul/
https://7daystodiemods.com/the-vault-prefab/
https://7daystodiemods.com/extra-deco-ore/
https://7daystodiemods.com/lootable-storage/
https://7daystodiemods.com/supply-crates/
https://7daystodiemods.com/extended-farming/
https://7daystodiemods.com/no-falling-trees/
https://7daystodiemods.com/noob-block/
https://7daystodiemods.com/hd-supply-boxes/
https://7daystodiemods.com/zombie-loot/
https://7daystodiemods.com/reduced-glue/
https://7daystodiemods.com/hd-xcalibur/
https://7daystodiemods.com/toads-vehicle-mods/
https://7daystodiemods.com/crowbar/
https://7daystodiemods.com/hutchs-legacy/
https://7daystodiemods.com/additional-farm-plot-recipe/
https://7daystodiemods.com/more-perks/
https://7daystodiemods.com/mega-perks/
https://7daystodiemods.com/better-bandages/
https://7daystodiemods.com/craft-schematics/
https://7daystodiemods.com/better-bridges/
https://7daystodiemods.com/better-buffs/
https://7daystodiemods.com/craft-jail-door-bars/
https://7daystodiemods.com/better-cement/
https://7daystodiemods.com/better-dyes/
https://7daystodiemods.com/big-backpack/
https://7daystodiemods.com/better-power-tools/
https://7daystodiemods.com/craft-spikes/
https://7daystodiemods.com/better-spears/
https://7daystodiemods.com/less-grind/
https://7daystodiemods.com/better-vehicles/
https://7daystodiemods.com/longer-loot-bags/
https://7daystodiemods.com/level-faster/
https://7daystodiemods.com/loot-clean-up/
https://7daystodiemods.com/mega-backpack/
https://7daystodiemods.com/mega-loot-bags/
https://7daystodiemods.com/mega-stacks/
https://7daystodiemods.com/more-loot-bags/
https://7daystodiemods.com/donovan-ui-simple/
https://7daystodiemods.com/craft-acid/
https://7daystodiemods.com/pick-me-up/
https://7daystodiemods.com/craft-beaker/
https://7daystodiemods.com/night-fog/
https://7daystodiemods.com/donovans-mods-all-in-one/
https://7daystodiemods.com/yucca-smoothie-fix/
https://7daystodiemods.com/steelwood-chest/
https://7daystodiemods.com/low-gamestage-loot-lottery-mod/
https://7daystodiemods.com/mod-to-allow-emptying-of-murky-water-jars/
https://7daystodiemods.com/storage-size/
https://7daystodiemods.com/magazine-skill-point/
https://7daystodiemods.com/pick-up-plants/
https://7daystodiemods.com/trader-refresh-1-day/
https://7daystodiemods.com/zombie-loot-bag-increase/
https://7daystodiemods.com/60-slot-backpack-with-30-reserve/
https://7daystodiemods.com/25-increase-headshot-damage/
https://7daystodiemods.com/faster-bellows/
https://7daystodiemods.com/penthrox-injection/
https://7daystodiemods.com/hd-cement-mixer/
https://7daystodiemods.com/hd-katanas/
https://7daystodiemods.com/hd-jukeboxes/
https://7daystodiemods.com/hd-mini-hatchet/
https://7daystodiemods.com/quicker-crafting/
https://7daystodiemods.com/more-windows-and-doors/
https://7daystodiemods.com/lockpicking/
https://7daystodiemods.com/better-stack-size/
https://7daystodiemods.com/more-containers/
https://7daystodiemods.com/removed-lowered-auger-chainsaw-sounds/
https://7daystodiemods.com/jendroid/
https://7daystodiemods.com/frk-ammo-crafting/
https://7daystodiemods.com/storage-container-mod/
https://7daystodiemods.com/advanced-repair-kits/
https://7daystodiemods.com/biome-cleaner/
https://7daystodiemods.com/hd-first-aid-kit/
https://7daystodiemods.com/hd-forge/
https://7daystodiemods.com/stealth-military/
https://7daystodiemods.com/hd-wrench/
https://7daystodiemods.com/kitchen-utils/
https://7daystodiemods.com/replacements-by-war3zuk-tallon/
https://7daystodiemods.com/rolling-door/
https://7daystodiemods.com/zombies-infections/
https://7daystodiemods.com/frobscottle-mod/
https://7daystodiemods.com/dr-prepper-mod/
https://7daystodiemods.com/mutations/
https://7daystodiemods.com/clear-dye-cosmetic-mod/
https://7daystodiemods.com/naked-gator/
https://7daystodiemods.com/rickyralphs-guns/
https://7daystodiemods.com/rickyralphs-melee-weapons/
https://7daystodiemods.com/buff-adjustments/
https://7daystodiemods.com/no-perk-crafting/
https://7daystodiemods.com/fpshud-mod/
https://7daystodiemods.com/more-wood-shapes/
https://7daystodiemods.com/hulveys-super-auger-mod/
https://7daystodiemods.com/plastic-instead-of-feathers/
https://7daystodiemods.com/hd-tools/
https://7daystodiemods.com/dmt-mods-by-sphereii/
https://7daystodiemods.com/lootable-vending-machines-mod/
https://7daystodiemods.com/zmx-ui-meancloud-cp-for-a18/
https://7daystodiemods.com/day-and-night-wasteland-demolisher/
https://7daystodiemods.com/quest-reward-ammo-increase/
https://7daystodiemods.com/craftable-schematics-and-perk-books/
https://7daystodiemods.com/paintjob/
https://7daystodiemods.com/pretty-girls-pictures/
https://7daystodiemods.com/modern-doors-by-hammerjade/
https://7daystodiemods.com/garage-gate-by-hammerjade/
https://7daystodiemods.com/ui-hud-for-a19/
https://7daystodiemods.com/quick-halloween-costume/
https://7daystodiemods.com/pickup-truck/
https://7daystodiemods.com/ghillie-suit-mod/
https://7daystodiemods.com/service-lift-by-hammerjade/
https://7daystodiemods.com/vanilla-firearms-extended-patch-a19/
https://7daystodiemods.com/stamples-defense-quests/
https://7daystodiemods.com/nerf-them-all/
https://7daystodiemods.com/disassemble-traps/
https://7daystodiemods.com/loud-sounds-lowered/
https://7daystodiemods.com/custom-zombies-mod-by-robeloto/
https://7daystodiemods.com/pick-up-grass-and-more/
https://7daystodiemods.com/riles-hudplus/
https://7daystodiemods.com/show-more-effects/
https://7daystodiemods.com/motorcycle-alterations-survager-overwork/
https://7daystodiemods.com/weapons-repair-mod/
https://7daystodiemods.com/healing-bedroll/
https://7daystodiemods.com/re-enable-the-prefab-menu/
https://7daystodiemods.com/modifiable-reload-sounds/
https://7daystodiemods.com/zombiome/
https://7daystodiemods.com/scomar-a19-hud/
https://7daystodiemods.com/guns-and-tools-sold-with-mods/
https://7daystodiemods.com/armor-and-cloth-sold-with-mods/
https://7daystodiemods.com/broken-vending-machines-are-lootable/
https://7daystodiemods.com/old-style-loot/
https://7daystodiemods.com/new-zombie-textures-by-mumpfy/
https://7daystodiemods.com/more-vanilla-foods-drinks/
https://7daystodiemods.com/yet-another-larger-backpack-mod/
https://7daystodiemods.com/riles-reusable-schematics/
https://7daystodiemods.com/riles-deco-blocks/
https://7daystodiemods.com/morlons-book-crafting/
https://7daystodiemods.com/stainless-steel-again/
https://7daystodiemods.com/craft-gore-and-cemetery-items/
https://7daystodiemods.com/craft-doors/
https://7daystodiemods.com/craft-small-pipes-large-pipes-and-conduit/
https://7daystodiemods.com/craft-windows/
https://7daystodiemods.com/re-box-ammo/
https://7daystodiemods.com/barrier-park/
https://7daystodiemods.com/server-side-zombies/
https://7daystodiemods.com/working-grill-and-wood-burning-stove/
https://7daystodiemods.com/helmetcam/
https://7daystodiemods.com/traders-sell-seeds/
https://7daystodiemods.com/autominer-mod-for-a19/
https://7daystodiemods.com/water-filters/
https://7daystodiemods.com/elitezombies/
https://7daystodiemods.com/smittys-sirens-alarms/
https://7daystodiemods.com/lootable-static-zombie-corpses-and-dead-zombies/
https://7daystodiemods.com/bigger-backpack-mod-60-96-slot-with-without-food-water-bar-on-hud/
https://7daystodiemods.com/stackables-new-craftable-bundles-new-bulk-craft-recipes/
https://7daystodiemods.com/winterween-project/
https://7daystodiemods.com/craft-door-trim-window-trim-shutters-mini-blinds-curtains-crown-moulding/
https://7daystodiemods.com/zombiepedia-skill-points/
https://7daystodiemods.com/super-auger/
https://7daystodiemods.com/weed-whacker/
https://7daystodiemods.com/active-ingredients/
https://7daystodiemods.com/fortbrick2s-pickup/
https://7daystodiemods.com/baby-animals/
https://7daystodiemods.com/launcher-for-7d2d/
https://7daystodiemods.com/7-days-to-die-backup-and-mod-manager/
https://7daystodiemods.com/7-days-to-die-mod-edit/
https://7daystodiemods.com/change-trader-open-and-close-time/
https://7daystodiemods.com/electric-buffs/
https://7daystodiemods.com/punishing-weather-survival/
https://7daystodiemods.com/more-pipe-bombs/
https://7daystodiemods.com/nerf-junk-turret/
https://7daystodiemods.com/one-hour-of-daylight/
https://7daystodiemods.com/punishing-weather-effects-light/
https://7daystodiemods.com/punishing-weather-effects-medium/
https://7daystodiemods.com/rabbit-of-caerbannog-spawns-a-lot/
https://7daystodiemods.com/rabbit-of-caerbannog-mod/
https://7daystodiemods.com/add-five-recipe-ingredients-ui/
https://7daystodiemods.com/electric-capacitor-bank/
https://7daystodiemods.com/nerf-backpack-carrying-capacity/
https://7daystodiemods.com/nerf-flashlights-and-player-crafted-lanterns/
https://7daystodiemods.com/punishing-weather-rain-more/
https://7daystodiemods.com/punishing-weather-temp-more-in-burnt-forest/
https://7daystodiemods.com/punishing-world-newbie-coat-remove/
https://7daystodiemods.com/screamers-spawn-more/
https://7daystodiemods.com/add-2-more-mod-slots-to-items-weapons/
https://7daystodiemods.com/hide-the-day-and-time/
https://7daystodiemods.com/awww-nuts/
https://7daystodiemods.com/baby-bears/
https://7daystodiemods.com/bigger-buck-and-doe/
https://7daystodiemods.com/bigger-chicken-and-bunny/
https://7daystodiemods.com/complex-cobble/
https://7daystodiemods.com/custom-menu-art/
https://7daystodiemods.com/frames-with-no-glue/
https://7daystodiemods.com/get-greener/
https://7daystodiemods.com/horns-for-vehicles/
https://7daystodiemods.com/get-nailed/
https://7daystodiemods.com/get-piggy/
https://7daystodiemods.com/get-the-herp/
https://7daystodiemods.com/rebar-crossbow-bolts/
https://7daystodiemods.com/screamer-bears/
https://7daystodiemods.com/gullivers-travels/
https://7daystodiemods.com/get-benched/
https://7daystodiemods.com/snufkins-scrap-tools/
https://7daystodiemods.com/no-sleeper-respawn/
https://7daystodiemods.com/punishing-weather-core/
https://7daystodiemods.com/removed-the-skills-requirements/
https://7daystodiemods.com/buff-infection/
https://7daystodiemods.com/electric-eel-trap/
https://7daystodiemods.com/armored-chest/
https://7daystodiemods.com/alucards-blessed-metal-mod/
https://7daystodiemods.com/sniper-turret/
https://7daystodiemods.com/infinity-generator/
https://7daystodiemods.com/slingshot/
https://7daystodiemods.com/sinical-darkness/
https://7daystodiemods.com/sinical-vending/
https://7daystodiemods.com/remove-the-map/
https://7daystodiemods.com/deep-dark/
https://7daystodiemods.com/medical-improvement/
https://7daystodiemods.com/run/
https://7daystodiemods.com/trees-dont-grow/
https://7daystodiemods.com/mickkpewpews-server-side-zombies-and-bosses/
https://7daystodiemods.com/mickkpewpews-server-side-santa-and-friends/
https://7daystodiemods.com/lams-mods/
https://7daystodiemods.com/baseball-bats/
https://7daystodiemods.com/tactical-action/
https://7daystodiemods.com/entity-randomizer/
https://7daystodiemods.com/buff-ambiance-darker-inside/
https://7daystodiemods.com/buff-ambiance-darker-nights/
https://7daystodiemods.com/more-cooked-foods/
https://7daystodiemods.com/the-walking-dead-menu/
https://7daystodiemods.com/menu-music/
https://7daystodiemods.com/object-manipulator/
https://7daystodiemods.com/new-terrain-textures/
https://7daystodiemods.com/new-block-textures/
https://7daystodiemods.com/disable-potted-plant/
https://7daystodiemods.com/no-chat/
https://7daystodiemods.com/10x-increased-zombie-spawning/
https://7daystodiemods.com/oaks-pet-animals-guards-and-farm-jeep/
https://7daystodiemods.com/research-system-and-new-weapons/
https://7daystodiemods.com/skyrim-style-lockpicking/
https://7daystodiemods.com/christmas-mod-vanilla-items-and-snowballs/
https://7daystodiemods.com/hind-helicopter/
https://7daystodiemods.com/mi-17/
https://7daystodiemods.com/more-frequent-injuries/
https://7daystodiemods.com/build-level-6-tools-and-weapons/
https://7daystodiemods.com/craft-level-6-armor/
https://7daystodiemods.com/egg-hunt/
https://7daystodiemods.com/working-wood-burning-stove/
https://7daystodiemods.com/polytheism/
https://7daystodiemods.com/dungeon-blocks-gss-bifroest/
https://7daystodiemods.com/dungeon-blocks/
https://7daystodiemods.com/mead-hall/
https://7daystodiemods.com/clan-cooking/
https://7daystodiemods.com/bbbbillys-pile-pile-search-will-not-be-destroyed/
https://7daystodiemods.com/create-cement-concrete-cobblestone/
https://7daystodiemods.com/disassemble-ammunition-by-constantyn6487/
https://7daystodiemods.com/craft-acid-by-constantyn6487/
https://7daystodiemods.com/damoots-no-dig-zombies-a19-3/
https://7daystodiemods.com/trader-settings/
https://7daystodiemods.com/alaszkas-consumables-rebalance/
https://7daystodiemods.com/sams-working-stuff/
https://7daystodiemods.com/sams-deco-stuff/
https://7daystodiemods.com/hx-easyseeds/
https://7daystodiemods.com/ztensitys-wasteland-creature-renaming/
https://7daystodiemods.com/more-recipes/
https://7daystodiemods.com/true-survival/
https://7daystodiemods.com/ztensitys-smx-ui-tweaks/
https://7daystodiemods.com/weapon-hands-fov-camera-distance-changer/
https://7daystodiemods.com/doughs-prefabs/
https://7daystodiemods.com/workstations/
https://7daystodiemods.com/more-skill-points-per-level/
https://7daystodiemods.com/electric-bullets/
https://7daystodiemods.com/recipes-for-ingredients/
https://7daystodiemods.com/invisible-dye/
https://7daystodiemods.com/more-common-sounds/
https://7daystodiemods.com/foodless-never-eat-drink/
https://7daystodiemods.com/lethal-headshots-all-headshots-kill/
https://7daystodiemods.com/h7sb-armory/
https://7daystodiemods.com/h7sb-backpacks/
https://7daystodiemods.com/h7sb-seats/
https://7daystodiemods.com/h7sb-storage/
https://7daystodiemods.com/h7sb-sleeping/
https://7daystodiemods.com/greys-prophecy-mod/
https://7daystodiemods.com/super-nailgun/
https://7daystodiemods.com/battle-royale/
https://7daystodiemods.com/return-of-the-hornet/
https://7daystodiemods.com/return-of-the-behemoth/
https://7daystodiemods.com/snufkins-jukebox/
https://7daystodiemods.com/cctvs-mod/
https://7daystodiemods.com/snufkins-slot-machine/
https://7daystodiemods.com/vanilla-plus/
https://7daystodiemods.com/telrics-story-time/
https://7daystodiemods.com/happy-little-chainsaw-mod/
https://7daystodiemods.com/indestructo-blocks/
https://7daystodiemods.com/ztensitys-unnecessarily-beautiful-but-immersive-ubbi/
https://7daystodiemods.com/snufkins-paintings-additions/
https://7daystodiemods.com/working-elevator/
https://7daystodiemods.com/ztensitys-functional-elevator/
https://7daystodiemods.com/never-ending-horde-nights/
https://7daystodiemods.com/kill-tracking/
https://7daystodiemods.com/luths-fast-tutorial-kit/
https://7daystodiemods.com/curse-of-anubis/
https://7daystodiemods.com/craftable-bird-nests/
https://7daystodiemods.com/white-river-tools-of-citizenship/
https://7daystodiemods.com/safe-space-bedroll-mod/
https://7daystodiemods.com/death-by-campfire/
https://7daystodiemods.com/car-respawner/
https://7daystodiemods.com/no-traders-for-a18/
https://7daystodiemods.com/master-chef-redux/
https://7daystodiemods.com/perk-quests/
https://7daystodiemods.com/bobbleheads/
https://7daystodiemods.com/crafting-tier-crafting-perk-for-combiner/
https://7daystodiemods.com/requests-a-mod-that-allows-you-to-take-multiple-quests-from-a-bulletin-board/
https://7daystodiemods.com/vanilla-expanded-storage/
https://7daystodiemods.com/x-wing-t65-an-oblivion-mod/
https://7daystodiemods.com/decor-blocks/
https://7daystodiemods.com/sports-car-pack-an-oblivion-mod/
https://7daystodiemods.com/akais-research-system-mod/
https://7daystodiemods.com/craft-food-cans-from-recipes/
https://7daystodiemods.com/extend-turret-active-range/
https://7daystodiemods.com/banjo-melee-weapon/
https://7daystodiemods.com/grass-blocks/
https://7daystodiemods.com/nuka-colas-mod/
https://7daystodiemods.com/rebar-club-melee-weapon/
https://7daystodiemods.com/wasteland-weapons/
https://7daystodiemods.com/zalert/
https://7daystodiemods.com/zmx-ui-war3zuk-cp-for-a18/
https://7daystodiemods.com/server-info-panel/
https://7daystodiemods.com/no-zombie-death-sound/
https://7daystodiemods.com/declutter-compass-mod/
https://7daystodiemods.com/telrics-decoration-pack/
https://7daystodiemods.com/telrics-thumper/
https://7daystodiemods.com/biplane-and-helicopter/
https://7daystodiemods.com/telrics-horses/
https://7daystodiemods.com/telrics-spy-party/
https://7daystodiemods.com/telrics-survivor-house-a/
https://7daystodiemods.com/telrics-magisters-mansion/
https://7daystodiemods.com/zombie-health-bars/
https://7daystodiemods.com/telrics-flamethrower/
https://7daystodiemods.com/telrics-stun-baton-perks/
https://7daystodiemods.com/telrics-fishing/
https://7daystodiemods.com/npc-vincent/
https://7daystodiemods.com/telrics-pokemod/
https://7daystodiemods.com/telrics-assassin/
https://7daystodiemods.com/telrics-spiders/
https://7daystodiemods.com/work-truck-mod/
https://7daystodiemods.com/willy-jeep-mod/
https://7daystodiemods.com/uh-60-helicopter/
https://7daystodiemods.com/uaz-452-vehicle/
https://7daystodiemods.com/stallion-car-mod/
https://7daystodiemods.com/sherp-vehicle-mod/
https://7daystodiemods.com/rat-bike/
https://7daystodiemods.com/pickup-mod/
https://7daystodiemods.com/nova-vehicle-mod/
https://7daystodiemods.com/marauder-monster-car/
https://7daystodiemods.com/mrap-military-vehicle/
https://7daystodiemods.com/md-500-helicopter/
https://7daystodiemods.com/junker/
https://7daystodiemods.com/humvee/
https://7daystodiemods.com/hot-rods/
https://7daystodiemods.com/golf-cart-and-golf-club-melee-weapon/
https://7daystodiemods.com/buick-gnx/
https://7daystodiemods.com/duster-airplane-mod/
https://7daystodiemods.com/dirt-bike-mod/
https://7daystodiemods.com/cruiser/
https://7daystodiemods.com/charger-car-mod/
https://7daystodiemods.com/buggy/
https://7daystodiemods.com/box-truck-mod/
https://7daystodiemods.com/brdm-2-military-vehicle/
https://7daystodiemods.com/almonds-turret-expanded/
https://7daystodiemods.com/merrics-marauders-10k-for-darkness-falls/
https://7daystodiemods.com/cannibal-coast-v3-vanilla-edition-a19-4-8k/
https://7daystodiemods.com/alsep-atrum-islands/
https://7daystodiemods.com/slickster43s-modified-rwg-4k-map/
https://7daystodiemods.com/cpt-krunchs-4k-rwg-map-lando-v2-0-a19-1-cp46/
https://7daystodiemods.com/wasteland-only-valley/
https://7daystodiemods.com/cpt-krunch-custom-map/
https://7daystodiemods.com/customized-nitrogen-map-for-a18/
https://7daystodiemods.com/experimental-recipes/
https://7daystodiemods.com/telrics-horses-2-0/
https://7daystodiemods.com/sustainable-forestry-reduce-tree-seeds-tree-farms/
https://7daystodiemods.com/island-maps/
https://7daystodiemods.com/tiger-maps/
https://7daystodiemods.com/tactical-action-by-ivandx/
https://7daystodiemods.com/realistic-cement/
https://7daystodiemods.com/more-eggs-feather/
https://7daystodiemods.com/parachute-hat-mod-and-drone-hat-mod/
https://7daystodiemods.com/reset-skills-on-death/
https://7daystodiemods.com/no-bedrolls/
https://7daystodiemods.com/uma-zombies/
https://7daystodiemods.com/mostly-dead/
https://7daystodiemods.com/seasonal-weather/
https://7daystodiemods.com/auto-mechanics/
https://7daystodiemods.com/slow-build/
https://7daystodiemods.com/crop-growth-by-weather/
https://7daystodiemods.com/preserved-foods/
https://7daystodiemods.com/trader-lore/
https://7daystodiemods.com/food-spoilage/
https://7daystodiemods.com/kinggen/
https://7daystodiemods.com/book-icons/
https://7daystodiemods.com/autobots-automated-mining-and-ammunition-bots-revisited/
https://7daystodiemods.com/schematics-parts-from-scrapping-schematics-and-perk-books/
https://7daystodiemods.com/smxmenu/
https://7daystodiemods.com/zmxhudcpthb/
https://7daystodiemods.com/smxhud/
https://7daystodiemods.com/zmxuicptfs/
https://7daystodiemods.com/zmxuicpbbm/
https://7daystodiemods.com/smxui/
https://7daystodiemods.com/dos-modpack/
https://7daystodiemods.com/snowberry-love/
https://7daystodiemods.com/more-forge-input-slots/
https://7daystodiemods.com/technobike-mod/
https://7daystodiemods.com/snufkins-community-pack-server-side-vehicles/
https://7daystodiemods.com/bad-medicine/
https://7daystodiemods.com/bath-boat-mod/
https://7daystodiemods.com/jetski-mod/
https://7daystodiemods.com/windsurfer-mod/
https://7daystodiemods.com/the-working-tfp-raft/
https://7daystodiemods.com/chaos-motorcycle-mod/
https://7daystodiemods.com/uk-map-pack/
https://7daystodiemods.com/vehicle-lift/
https://7daystodiemods.com/hidden-hatches/
https://7daystodiemods.com/power-door-relay-allows-a-2nd-power-input-for-doors/
https://7daystodiemods.com/defence-platform/
https://7daystodiemods.com/rework-repair-and-learn-weapons-tools-and-armors/
https://7daystodiemods.com/steel-casings-mod/
https://7daystodiemods.com/shallow-ground/
https://7daystodiemods.com/starter-crate/
https://7daystodiemods.com/cheaper-ghillie-suit/
https://7daystodiemods.com/stressed-out/
https://7daystodiemods.com/reduced-demolitions-zombie-block-damage/
https://7daystodiemods.com/mighty-claw-hammer/
https://7daystodiemods.com/telrics-melee-weapons/
https://7daystodiemods.com/advanced-generator/
https://7daystodiemods.com/trash-can/
https://7daystodiemods.com/opening-windows-and-glass-doors/
https://7daystodiemods.com/more-craftable-and-working-lights/
https://7daystodiemods.com/decorations-plus/
https://7daystodiemods.com/add-more-grenades/
https://7daystodiemods.com/the-holy-hand-grenade-of-antioch/
https://7daystodiemods.com/grenade-mod/
https://7daystodiemods.com/can-grenade-mod/
https://7daystodiemods.com/sams-special-ammo/
https://7daystodiemods.com/grenades-box/
https://7daystodiemods.com/a-working-boat-mod-water-vehicles-project/
https://7daystodiemods.com/classic-style-hardcore-mod/
https://7daystodiemods.com/creature-packs-a-community-entity-project/
https://7daystodiemods.com/snufkins-custom-server-side-zombies-plus/
https://7daystodiemods.com/telrics-healthbars-3-0/
https://7daystodiemods.com/purgatory-server-side-overhaul-collection-mod/
https://7daystodiemods.com/bdubyahs-vehicles-all-in-one/
https://7daystodiemods.com/youve-got-mail/
https://7daystodiemods.com/remove-player-items-from-compass/
https://7daystodiemods.com/war-of-the-walkers-mod/
https://7daystodiemods.com/npc-pack-humans-adjustments/
https://7daystodiemods.com/mech-lucy/
https://7daystodiemods.com/ztensitys-creature-renaming-mod-series/
https://7daystodiemods.com/wasteland-behemoth/
https://7daystodiemods.com/khzmusiks-edits-for-some-mods/
https://7daystodiemods.com/zombie-roland/
https://7daystodiemods.com/insect-mod/
https://7daystodiemods.com/creature-pack-zombie-soldier-contribution/
https://7daystodiemods.com/creature-pack-orc-contribution/
https://7daystodiemods.com/creature-pack-zombie-contribution/
https://7daystodiemods.com/bandits-mod-for-a18/
https://7daystodiemods.com/wandering-traders-mod-for-a18/
https://7daystodiemods.com/snufkin-weapons-xpansion/
https://7daystodiemods.com/age-of-oblivion-farm-life-revisited/
https://7daystodiemods.com/the-wasteland/
https://7daystodiemods.com/zombiedayz/
https://7daystodiemods.com/neon-signs/
https://7daystodiemods.com/telrics-animal-husbandry/
https://7daystodiemods.com/mining-mod-with-copper-zinc-and-excavators/
https://7daystodiemods.com/the-spencer-mansion-incident-challenge-mode/
https://7daystodiemods.com/cannabis-mod/
https://7daystodiemods.com/dont-use-up-water/
https://7daystodiemods.com/medical-stack-sizes/
https://7daystodiemods.com/barbed-wire/
https://7daystodiemods.com/enemy-health-bar/
https://7daystodiemods.com/hydros-precision-machining/
https://7daystodiemods.com/fishing-mod-by-meancloud/
https://7daystodiemods.com/enemy-reach-shortener/
https://7daystodiemods.com/craft-mega-crush/
https://7daystodiemods.com/craftablecandys/
https://7daystodiemods.com/ammo-dismantling/
https://7daystodiemods.com/valmars-animal-farm/
https://7daystodiemods.com/animal-snares/
https://7daystodiemods.com/armory-workbench/
https://7daystodiemods.com/auto-wall/
https://7daystodiemods.com/buffed-airdrop-crate-loot/
https://7daystodiemods.com/disable-falling-trees/
https://7daystodiemods.com/door-lock-smash/
https://7daystodiemods.com/dye-station-color-your-armors/
https://7daystodiemods.com/expanded-ammo-types/
https://7daystodiemods.com/expanded-clothing/
https://7daystodiemods.com/expanded-player-storage/
https://7daystodiemods.com/expanded-traps/
https://7daystodiemods.com/expanded-weapons-and-tools/
https://7daystodiemods.com/reusable-cooking-bowls-and-recipes/
https://7daystodiemods.com/starter-class-system/
https://7daystodiemods.com/survivor-notes-experience-and-recipe-books/
https://7daystodiemods.com/working-ovens-and-sinks/
https://7daystodiemods.com/zombie-display/
https://7daystodiemods.com/open-door-syndrome-with-respawn/
https://7daystodiemods.com/resource-increaser/
https://7daystodiemods.com/ammo-bundle-maker/
https://7daystodiemods.com/combine-items/
https://7daystodiemods.com/everything-is-sellable/
https://7daystodiemods.com/extra-recipes/
https://7daystodiemods.com/lootable-wine-barrels/
https://7daystodiemods.com/invisible-animal-fix/
https://7daystodiemods.com/lock-picking-additions/
https://7daystodiemods.com/lootable-objects/
https://7daystodiemods.com/looter/
https://7daystodiemods.com/rain-catcher-and-mining-machine/
https://7daystodiemods.com/no-encumbrance-on-armor/
https://7daystodiemods.com/no-digging-zombies/
https://7daystodiemods.com/nuclear-power-mod/
https://7daystodiemods.com/one-book-to-rule-them-all/
https://7daystodiemods.com/open-door-syndrome/
https://7daystodiemods.com/lootable-pallets-sand-bags-and-bricks/
https://7daystodiemods.com/friendly-animal-helpers/
https://7daystodiemods.com/poison-removal-mod/
https://7daystodiemods.com/special-forces-cases/
https://7daystodiemods.com/stack-size-increaser/
https://7daystodiemods.com/lootable-store-shelves/
https://7daystodiemods.com/supply-crate-drop/
https://7daystodiemods.com/zombie-modifications-2/
https://7daystodiemods.com/zombie-modification/
https://7daystodiemods.com/whisperers-mod/
https://7daystodiemods.com/anti-block-bullets/
https://7daystodiemods.com/shop-keeping-mod/
https://7daystodiemods.com/weapon-magazine-size-increaser/
https://7daystodiemods.com/bigger-backpack-mods-by-stallionsden/
https://7daystodiemods.com/vehicle-madness/
https://7daystodiemods.com/gnamod/
https://7daystodiemods.com/better-book-icons/
https://7daystodiemods.com/trader-protection-aura/
https://7daystodiemods.com/sorcery-mod/
https://7daystodiemods.com/romero-mod-a-game-mode-suite-of-zombie-tweaks/
https://7daystodiemods.com/darkness-falls-mod/
https://7daystodiemods.com/regenerating-boulders/
https://7daystodiemods.com/admin-skill-points/
https://7daystodiemods.com/reality-check-removing-some-zombies-animals/
https://7daystodiemods.com/war3zuk-aio-overhaul/
https://7daystodiemods.com/punishing-world-block-stability-nerf/
https://7daystodiemods.com/sous-chef-of-the-apocalypse/
https://7daystodiemods.com/the-forgotten-island-map/
https://7daystodiemods.com/npcs-mod/
https://7daystodiemods.com/advanced-first-aid-kit-and-bandage/
https://7daystodiemods.com/ztensitys-paintings-posters/
https://7daystodiemods.com/max-level-challenge/
https://7daystodiemods.com/zombie-harvest/
https://7daystodiemods.com/stamina-balance/
https://7daystodiemods.com/quality-control/
https://7daystodiemods.com/no-stone-age/
https://7daystodiemods.com/high-level-perks/
https://7daystodiemods.com/economy-boost/
https://7daystodiemods.com/admin-steel/
https://7daystodiemods.com/voidsights-vanilla-tweaks/
https://7daystodiemods.com/yakovs-wellness-system/
https://7daystodiemods.com/stack-more/
https://7daystodiemods.com/enzombies-more-zombie-variations/
https://7daystodiemods.com/sous-chef-of-the-apocalypse-client-icons/
https://7daystodiemods.com/advanced-forge/
https://7daystodiemods.com/day-of-the-dead-mod/
https://7daystodiemods.com/proper-repair-kits/
https://7daystodiemods.com/hs-special-things/
https://7daystodiemods.com/apocalypse-now-mod/
https://7daystodiemods.com/ravenhearst-mod/
https://7daystodiemods.com/zombies-attack-animals/
https://7daystodiemods.com/neopolitan-collection-mod/
https://7daystodiemods.com/winter-project/
https://7daystodiemods.com/craftable-motor-tool-parts-by-nosoren/
https://7daystodiemods.com/recurve-bow/
https://7daystodiemods.com/rpd-prefab/
https://7daystodiemods.com/admin-blocks-and-fixes/
https://7daystodiemods.com/chess/
https://7daystodiemods.com/bounty-hunter/
https://7daystodiemods.com/nerf-explosives/
https://7daystodiemods.com/reactor-gauntlet/
https://7daystodiemods.com/visual-armor-mods/
https://7daystodiemods.com/autominer-mod/
https://7daystodiemods.com/comsenmod/
https://7daystodiemods.com/harvestable-zombie-parts/
https://7daystodiemods.com/0xp-rolmod/
https://7daystodiemods.com/double-door-mod/
https://7daystodiemods.com/shopping-go-karts/
https://7daystodiemods.com/multi-tools/
https://7daystodiemods.com/first-aid-bandage/
https://7daystodiemods.com/falling-trees/
https://7daystodiemods.com/first-aid-bandage-splint/
https://7daystodiemods.com/trader-limits/
https://7daystodiemods.com/craftable-motor-tool-parts-by-nosoren/
https://7daystodiemods.com/recurve-bow/
https://7daystodiemods.com/rpd-prefab/
https://7daystodiemods.com/admin-blocks-and-fixes/
https://7daystodiemods.com/chess/
https://7daystodiemods.com/bounty-hunter/
https://7daystodiemods.com/nerf-explosives/
https://7daystodiemods.com/reactor-gauntlet/
https://7daystodiemods.com/visual-armor-mods/
https://7daystodiemods.com/autominer-mod/
https://7daystodiemods.com/comsenmod/
https://7daystodiemods.com/harvestable-zombie-parts/
https://7daystodiemods.com/0xp-rolmod/
https://7daystodiemods.com/double-door-mod/
https://7daystodiemods.com/shopping-go-karts/
https://7daystodiemods.com/multi-tools/
https://7daystodiemods.com/first-aid-bandage/
https://7daystodiemods.com/falling-trees/
https://7daystodiemods.com/first-aid-bandage-splint/
https://7daystodiemods.com/trader-limits/
